<?xml version="1.0" encoding="UTF-8"?>
<testsuite name="dev.evanishyn.daoTests.EmployeeDAOtests" tests="1" skipped="0" failures="0" errors="0" timestamp="2022-08-02T20:48:46" hostname="LAPTOP-LENCIJ1Q" time="0.201">
  <properties/>
  <testcase name="update_employee_test()" classname="dev.evanishyn.daoTests.EmployeeDAOtests" time="0.201"/>
  <system-out><![CDATA[]]></system-out>
  <system-err><![CDATA[]]></system-err>
</testsuite>
