<?xml version="1.0" encoding="UTF-8"?>
<testsuite name="dev.evanishyn.daoTests.EmployeeDAOtests" tests="1" skipped="0" failures="0" errors="0" timestamp="2022-08-02T03:27:45" hostname="LAPTOP-LENCIJ1Q" time="0.074">
  <properties/>
  <testcase name="create_employee_test()" classname="dev.evanishyn.daoTests.EmployeeDAOtests" time="0.074"/>
  <system-out><![CDATA[Employee{id=1, fName='Caitlin', lName='Evanishyn'}
]]></system-out>
  <system-err><![CDATA[]]></system-err>
</testsuite>
